The system is: Windows - 10.0.18363 - AMD64
Compiling the CUDA compiler identification source file "CMakeCUDACompilerId.cu" succeeded.
Compiler: C:/Program Files/NVIDIA GPU Computing Toolkit/CUDA/v11.0/bin/nvcc.exe 
Build flags: 
Id flags:  -v;--keep;--keep-dir;tmp

The output was:
0

F:\project\github\SdustParallelProgramming\teamWork2_RGBToGreyscale\cmake-build-debug\CMakeFiles\3.17.3\CompilerIdCUDA>call "D:/EnglishSoftware/visualStudio2019/VC/Tools/MSVC/14.27.29110/bin/HostX64/x64/../../../../../../../VC/Auxiliary/Build/vcvars64.bat" 
**********************************************************************
** Visual Studio 2019 Developer Command Prompt v16.7.3
** Copyright (c) 2020 Microsoft Corporation
**********************************************************************
[vcvarsall.bat] Environment initialized for: 'x64'
#$ D:/EnglishSoftware/visualStudio2019/VC/Tools/MSVC/14.27.29110/bin/HostX64/x64/../../../../../../../VC/Auxiliary/Build/vcvars64.bat
#$ ALLUSERSPROFILE=C:\ProgramData
#$ APPDATA=C:\Users\尹浩男\AppData\Roaming
#$ CLion=D:\EnglishSoftware\clion\CLion 2020.2\bin;
#$ CLION_IDE=TRUE
#$ CommandPromptType=Native
#$ CommonProgramFiles=C:\Program Files\Common Files
#$ CommonProgramFiles(x86)=C:\Program Files (x86)\Common Files
#$ CommonProgramW6432=C:\Program Files\Common Files
#$ COMPUTERNAME=DESKTOP-18MP321
#$ ComSpec=C:\Windows\system32\cmd.exe
#$ CUDA_PATH=C:\Program Files\NVIDIA GPU Computing Toolkit\CUDA\v11.0
#$ CUDA_PATH_V11_0=C:\Program Files\NVIDIA GPU Computing Toolkit\CUDA\v11.0
#$ DevEnvDir=D:\EnglishSoftware\visualStudio2019\Common7\IDE\
#$ DriverData=C:\Windows\System32\Drivers\DriverData
#$ ExtensionSdkDir=C:\Program Files (x86)\Microsoft SDKs\Windows Kits\10\ExtensionSDKs
#$ Framework40Version=v4.0
#$ FrameworkDir=C:\Windows\Microsoft.NET\Framework64\
#$ FrameworkDir64=C:\Windows\Microsoft.NET\Framework64\
#$ FrameworkVersion=v4.0.30319
#$ FrameworkVersion64=v4.0.30319
#$ HOMEDRIVE=C:
#$ HOMEPATH=\Users\尹浩男
#$ IDEA_INITIAL_DIRECTORY=D:\EnglishSoftware\clion\CLion 2020.2\bin
#$ INCLUDE=D:\EnglishSoftware\visualStudio2019\VC\Tools\MSVC\14.27.29110\ATLMFC\include;D:\EnglishSoftware\visualStudio2019\VC\Tools\MSVC\14.27.29110\include;D:\Windows Kits\10\include\10.0.18362.0\ucrt;D:\Windows Kits\10\include\10.0.18362.0\shared;D:\Windows Kits\10\include\10.0.18362.0\um;D:\Windows Kits\10\include\10.0.18362.0\winrt;D:\Windows Kits\10\include\10.0.18362.0\cppwinrt;D:\EnglishSoftware\visualStudio2019\VC\Tools\MSVC\14.27.29110\ATLMFC\include;D:\EnglishSoftware\visualStudio2019\VC\Tools\MSVC\14.27.29110\include;D:\Windows Kits\10\include\10.0.18362.0\ucrt;D:\Windows Kits\10\include\10.0.18362.0\shared;D:\Windows Kits\10\include\10.0.18362.0\um;D:\Windows Kits\10\include\10.0.18362.0\winrt;D:\Windows Kits\10\include\10.0.18362.0\cppwinrt
#$ IntelliJ IDEA=D:\EnglishSoftware\idea\IntelliJ IDEA 2020.2\bin;
#$ INTEL_DEV_REDIST=C:\Program Files (x86)\Common Files\Intel\Shared Libraries\
#$ JAVA_HOME=D:\EnglishSoftware\javaEnvironment\jdk-11.0.6
#$ JETBRAINS_IDE=TRUE
#$ LIB=D:\EnglishSoftware\visualStudio2019\VC\Tools\MSVC\14.27.29110\ATLMFC\lib\x64;D:\EnglishSoftware\visualStudio2019\VC\Tools\MSVC\14.27.29110\lib\x64;D:\Windows Kits\10\lib\10.0.18362.0\ucrt\x64;D:\Windows Kits\10\lib\10.0.18362.0\um\x64;D:\EnglishSoftware\visualStudio2019\VC\Tools\MSVC\14.27.29110\ATLMFC\lib\x64;D:\EnglishSoftware\visualStudio2019\VC\Tools\MSVC\14.27.29110\lib\x64;D:\Windows Kits\10\lib\10.0.18362.0\ucrt\x64;D:\Windows Kits\10\lib\10.0.18362.0\um\x64
#$ LIBPATH=D:\EnglishSoftware\visualStudio2019\VC\Tools\MSVC\14.27.29110\ATLMFC\lib\x64;D:\EnglishSoftware\visualStudio2019\VC\Tools\MSVC\14.27.29110\lib\x64;D:\EnglishSoftware\visualStudio2019\VC\Tools\MSVC\14.27.29110\lib\x86\store\references;D:\Windows Kits\10\UnionMetadata\10.0.18362.0;D:\Windows Kits\10\References\10.0.18362.0;C:\Windows\Microsoft.NET\Framework64\v4.0.30319;D:\EnglishSoftware\visualStudio2019\VC\Tools\MSVC\14.27.29110\ATLMFC\lib\x64;D:\EnglishSoftware\visualStudio2019\VC\Tools\MSVC\14.27.29110\lib\x64;D:\EnglishSoftware\visualStudio2019\VC\Tools\MSVC\14.27.29110\lib\x86\store\references;D:\Windows Kits\10\UnionMetadata\10.0.18362.0;D:\Windows Kits\10\References\10.0.18362.0;C:\Windows\Microsoft.NET\Framework64\v4.0.30319
#$ LOCALAPPDATA=C:\Users\尹浩男\AppData\Local
#$ LOGONSERVER=\\DESKTOP-18MP321
#$ MIC_LD_LIBRARY_PATH=C:\Program Files (x86)\Common Files\Intel\Shared Libraries\compiler\lib\mic
#$ NUMBER_OF_PROCESSORS=6
#$ NVCUDASAMPLES11_0_ROOT=C:\ProgramData\NVIDIA Corporation\CUDA Samples\v11.0
#$ NVCUDASAMPLES_ROOT=C:\ProgramData\NVIDIA Corporation\CUDA Samples\v11.0
#$ NVTOOLSEXT_PATH=C:\Program Files\NVIDIA Corporation\NvToolsExt\
#$ OneDrive=C:\Users\尹浩男\OneDrive
#$ OneDriveConsumer=C:\Users\尹浩男\OneDrive
#$ OS=Windows_NT
#$ PATH=D:\EnglishSoftware\visualStudio2019\Common7\IDE\\Extensions\Microsoft\IntelliCode\CLI;D:\EnglishSoftware\visualStudio2019\VC\Tools\MSVC\14.27.29110\bin\HostX64\x64;D:\EnglishSoftware\visualStudio2019\Common7\IDE\VC\VCPackages;D:\EnglishSoftware\visualStudio2019\Common7\IDE\CommonExtensions\Microsoft\TestWindow;D:\EnglishSoftware\visualStudio2019\Common7\IDE\CommonExtensions\Microsoft\TeamFoundation\Team Explorer;D:\EnglishSoftware\visualStudio2019\MSBuild\Current\bin\Roslyn;D:\EnglishSoftware\visualStudio2019\Team Tools\Performance Tools\x64;D:\EnglishSoftware\visualStudio2019\Team Tools\Performance Tools;D:\EnglishSoftware\c++Environment\vsEnvironment\Common\VSPerfCollectionTools\vs2019\\x64;D:\EnglishSoftware\c++Environment\vsEnvironment\Common\VSPerfCollectionTools\vs2019\;D:\Windows Kits\10\bin\10.0.18362.0\x64;D:\Windows Kits\10\bin\x64;D:\EnglishSoftware\visualStudio2019\\MSBuild\Current\Bin;C:\Windows\Microsoft.NET\Framework64\v4.0.30319;D:\EnglishSoftware\visualStudio2019\Common7\IDE\;D:\EnglishSoftware\visualStudio2019\Common7\Tools\;D:\EnglishSoftware\visualStudio2019\Common7\IDE\\Extensions\Microsoft\IntelliCode\CLI;D:\EnglishSoftware\visualStudio2019\VC\Tools\MSVC\14.27.29110\bin\HostX64\x64;D:\EnglishSoftware\visualStudio2019\Common7\IDE\VC\VCPackages;D:\EnglishSoftware\visualStudio2019\Common7\IDE\CommonExtensions\Microsoft\TestWindow;D:\EnglishSoftware\visualStudio2019\Common7\IDE\CommonExtensions\Microsoft\TeamFoundation\Team Explorer;D:\EnglishSoftware\visualStudio2019\MSBuild\Current\bin\Roslyn;D:\EnglishSoftware\visualStudio2019\Team Tools\Performance Tools\x64;D:\EnglishSoftware\visualStudio2019\Team Tools\Performance Tools;D:\EnglishSoftware\c++Environment\vsEnvironment\Common\VSPerfCollectionTools\vs2019\\x64;D:\EnglishSoftware\c++Environment\vsEnvironment\Common\VSPerfCollectionTools\vs2019\;D:\Windows Kits\10\bin\10.0.18362.0\x64;D:\Windows Kits\10\bin\x64;D:\EnglishSoftware\visualStudio2019\\MSBuild\Current\Bin;C:\Windows\Microsoft.NET\Framework64\v4.0.30319;D:\EnglishSoftware\visualStudio2019\Common7\IDE\;D:\EnglishSoftware\visualStudio2019\Common7\Tools\;C:\Program Files\NVIDIA GPU Computing Toolkit\CUDA\v11.0\bin;C:\Program Files\NVIDIA GPU Computing Toolkit\CUDA\v11.0\libnvvp;D:\EnglishSoftware\xftp\;D:\EnglishSoftware\xshell\;C:\Program Files (x86)\Common Files\Intel\Shared Libraries\redist\intel64\compiler;C:\Windows\system32;C:\Windows;C:\Windows\System32\Wbem;C:\Windows\System32\WindowsPowerShell\v1.0\;C:\Windows\System32\OpenSSH\;D:\EnglishSoftware\Git\cmd;D:\EnglishSoftware\010 Editor;C:\Program Files\NVIDIA Corporation\Nsight Compute 2020.1.2\;C:\Program Files (x86)\NVIDIA Corporation\PhysX\Common;C:\Program Files\NVIDIA Corporation\NVIDIA NvDLISR;D:\EnglishSoftware\c++Environment\clang\LLVM\bin;C:\Users\尹浩男\AppData\Local\Programs\Python\Python38\Scripts\;C:\Users\尹浩男\AppData\Local\Programs\Python\Python38\;C:\Users\尹浩男\AppData\Local\Microsoft\WindowsApps;D:\EnglishSoftware\javaEnvironment\maven3.6.3\bin;D:\EnglishSoftware\idea\IntelliJ IDEA 2020.2\bin;;D:\EnglishSoftware\clion\CLion 2020.2\bin;;D:\EnglishSoftware\c++Environment\MinGW\bin;D:\EnglishSoftware\Microsoft VS Code\bin;D:\EnglishSoftware\WebStorm 2020.2.1\bin;;G:\bin;D:\EnglishSoftware\visualStudio2019\VC\Tools\MSVC\14.27.29110\bin\Hostx64\x86;;D:\EnglishSoftware\visualStudio2019\Common7\IDE\CommonExtensions\Microsoft\CMake\CMake\bin;D:\EnglishSoftware\visualStudio2019\Common7\IDE\CommonExtensions\Microsoft\CMake\Ninja;C:\Program Files\NVIDIA GPU Computing Toolkit\CUDA\v11.0\bin;C:\Program Files\NVIDIA GPU Computing Toolkit\CUDA\v11.0\libnvvp;D:\EnglishSoftware\xftp\;D:\EnglishSoftware\xshell\;C:\Program Files (x86)\Common Files\Intel\Shared Libraries\redist\intel64\compiler;C:\Windows\system32;C:\Windows;C:\Windows\System32\Wbem;C:\Windows\System32\WindowsPowerShell\v1.0\;C:\Windows\System32\OpenSSH\;D:\EnglishSoftware\Git\cmd;D:\EnglishSoftware\010 Editor;C:\Program Files\NVIDIA Corporation\Nsight Compute 2020.1.2\;C:\Program Files (x86)\NVIDIA Corporation\PhysX\Common;C:\Program Files\NVIDIA Corporation\NVIDIA NvDLISR;D:\EnglishSoftware\c++Environment\clang\LLVM\bin;C:\Users\尹浩男\AppData\Local\Programs\Python\Python38\Scripts\;C:\Users\尹浩男\AppData\Local\Programs\Python\Python38\;C:\Users\尹浩男\AppData\Local\Microsoft\WindowsApps;D:\EnglishSoftware\javaEnvironment\maven3.6.3\bin;D:\EnglishSoftware\idea\IntelliJ IDEA 2020.2\bin;;D:\EnglishSoftware\clion\CLion 2020.2\bin;;D:\EnglishSoftware\c++Environment\MinGW\bin;D:\EnglishSoftware\Microsoft VS Code\bin;D:\EnglishSoftware\WebStorm 2020.2.1\bin;;G:\bin;D:\EnglishSoftware\visualStudio2019\VC\Tools\MSVC\14.27.29110\bin\Hostx64\x86;;D:\EnglishSoftware\visualStudio2019\Common7\IDE\CommonExtensions\Microsoft\CMake\CMake\bin;D:\EnglishSoftware\visualStudio2019\Common7\IDE\CommonExtensions\Microsoft\CMake\Ninja
#$ PATHEXT=.COM;.EXE;.BAT;.CMD;.VBS;.VBE;.JS;.JSE;.WSF;.WSH;.MSC
#$ Platform=x64
#$ PROCESSOR_ARCHITECTURE=AMD64
#$ PROCESSOR_IDENTIFIER=Intel64 Family 6 Model 158 Stepping 10, GenuineIntel
#$ PROCESSOR_LEVEL=6
#$ PROCESSOR_REVISION=9e0a
#$ ProgramData=C:\ProgramData
#$ ProgramFiles=C:\Program Files
#$ ProgramFiles(x86)=C:\Program Files (x86)
#$ ProgramW6432=C:\Program Files
#$ PROMPT=$P$G
#$ PSModulePath=C:\Program Files\WindowsPowerShell\Modules;C:\Windows\system32\WindowsPowerShell\v1.0\Modules
#$ PUBLIC=C:\Users\Public
#$ SESSIONNAME=Console
#$ SystemDrive=C:
#$ SystemRoot=C:\Windows
#$ UCRTVersion=10.0.18362.0
#$ UniversalCRTSdkDir=D:\Windows Kits\10\
#$ USERDOMAIN=DESKTOP-18MP321
#$ USERDOMAIN_ROAMINGPROFILE=DESKTOP-18MP321
#$ USERNAME=尹浩男
#$ USERPROFILE=C:\Users\尹浩男
#$ VCIDEInstallDir=D:\EnglishSoftware\visualStudio2019\Common7\IDE\VC\
#$ VCINSTALLDIR=D:\EnglishSoftware\visualStudio2019\VC\
#$ VCToolsInstallDir=D:\EnglishSoftware\visualStudio2019\VC\Tools\MSVC\14.27.29110\
#$ VCToolsRedistDir=D:\EnglishSoftware\visualStudio2019\VC\Redist\MSVC\14.27.29016\
#$ VCToolsVersion=14.27.29110
#$ VisualStudioVersion=16.0
#$ VS160COMNTOOLS=D:\EnglishSoftware\visualStudio2019\Common7\Tools\
#$ VSCMD_ARG_app_plat=Desktop
#$ VSCMD_ARG_HOST_ARCH=x64
#$ VSCMD_ARG_TGT_ARCH=x64
#$ VSCMD_VER=16.7.3
#$ vsconsoleoutput=1
#$ VSINSTALLDIR=D:\EnglishSoftware\visualStudio2019\
#$ WebStorm=D:\EnglishSoftware\WebStorm 2020.2.1\bin;
#$ windir=C:\Windows
#$ WindowsLibPath=D:\Windows Kits\10\UnionMetadata\10.0.18362.0;D:\Windows Kits\10\References\10.0.18362.0
#$ WindowsSdkBinPath=D:\Windows Kits\10\bin\
#$ WindowsSdkDir=D:\Windows Kits\10\
#$ WindowsSDKLibVersion=10.0.18362.0\
#$ WindowsSdkVerBinPath=D:\Windows Kits\10\bin\10.0.18362.0\
#$ WindowsSDKVersion=10.0.18362.0\
#$ __DOTNET_ADD_64BIT=1
#$ __DOTNET_PREFERRED_BITNESS=64
#$ __VSCMD_PREINIT_PATH=C:\Program Files\NVIDIA GPU Computing Toolkit\CUDA\v11.0\bin;C:\Program Files\NVIDIA GPU Computing Toolkit\CUDA\v11.0\libnvvp;D:\EnglishSoftware\xftp\;D:\EnglishSoftware\xshell\;C:\Program Files (x86)\Common Files\Intel\Shared Libraries\redist\intel64\compiler;C:\Windows\system32;C:\Windows;C:\Windows\System32\Wbem;C:\Windows\System32\WindowsPowerShell\v1.0\;C:\Windows\System32\OpenSSH\;D:\EnglishSoftware\Git\cmd;D:\EnglishSoftware\010 Editor;C:\Program Files\NVIDIA Corporation\Nsight Compute 2020.1.2\;C:\Program Files (x86)\NVIDIA Corporation\PhysX\Common;C:\Program Files\NVIDIA Corporation\NVIDIA NvDLISR;D:\EnglishSoftware\c++Environment\clang\LLVM\bin;C:\Users\尹浩男\AppData\Local\Programs\Python\Python38\Scripts\;C:\Users\尹浩男\AppData\Local\Programs\Python\Python38\;C:\Users\尹浩男\AppData\Local\Microsoft\WindowsApps;D:\EnglishSoftware\javaEnvironment\maven3.6.3\bin;D:\EnglishSoftware\idea\IntelliJ IDEA 2020.2\bin;;D:\EnglishSoftware\clion\CLion 2020.2\bin;;D:\EnglishSoftware\c++Environment\MinGW\bin;D:\EnglishSoftware\Microsoft VS Code\bin;D:\EnglishSoftware\WebStorm 2020.2.1\bin;;G:\bin;D:\EnglishSoftware\visualStudio2019\VC\Tools\MSVC\14.27.29110\bin\Hostx64\x86;
#$ __VSCMD_PREINIT_VCToolsVersion=14.27.29110
#$ __VSCMD_PREINIT_VS160COMNTOOLS=D:\EnglishSoftware\visualStudio2019\Common7\Tools\
#$ __VSCMD_script_err_count=0
#$ PATH=D:\EnglishSoftware\visualStudio2019\VC\Tools\MSVC\14.27.29110\bin\HostX64\x64;D:\EnglishSoftware\visualStudio2019\Common7\IDE\\Extensions\Microsoft\IntelliCode\CLI;D:\EnglishSoftware\visualStudio2019\VC\Tools\MSVC\14.27.29110\bin\HostX64\x64;D:\EnglishSoftware\visualStudio2019\Common7\IDE\VC\VCPackages;D:\EnglishSoftware\visualStudio2019\Common7\IDE\CommonExtensions\Microsoft\TestWindow;D:\EnglishSoftware\visualStudio2019\Common7\IDE\CommonExtensions\Microsoft\TeamFoundation\Team Explorer;D:\EnglishSoftware\visualStudio2019\MSBuild\Current\bin\Roslyn;D:\EnglishSoftware\visualStudio2019\Team Tools\Performance Tools\x64;D:\EnglishSoftware\visualStudio2019\Team Tools\Performance Tools;D:\EnglishSoftware\c++Environment\vsEnvironment\Common\VSPerfCollectionTools\vs2019\\x64;D:\EnglishSoftware\c++Environment\vsEnvironment\Common\VSPerfCollectionTools\vs2019\;D:\Windows Kits\10\bin\10.0.18362.0\x64;D:\Windows Kits\10\bin\x64;D:\EnglishSoftware\visualStudio2019\\MSBuild\Current\Bin;C:\Windows\Microsoft.NET\Framework64\v4.0.30319;D:\EnglishSoftware\visualStudio2019\Common7\IDE\;D:\EnglishSoftware\visualStudio2019\Common7\Tools\;D:\EnglishSoftware\visualStudio2019\Common7\IDE\\Extensions\Microsoft\IntelliCode\CLI;D:\EnglishSoftware\visualStudio2019\VC\Tools\MSVC\14.27.29110\bin\HostX64\x64;D:\EnglishSoftware\visualStudio2019\Common7\IDE\VC\VCPackages;D:\EnglishSoftware\visualStudio2019\Common7\IDE\CommonExtensions\Microsoft\TestWindow;D:\EnglishSoftware\visualStudio2019\Common7\IDE\CommonExtensions\Microsoft\TeamFoundation\Team Explorer;D:\EnglishSoftware\visualStudio2019\MSBuild\Current\bin\Roslyn;D:\EnglishSoftware\visualStudio2019\Team Tools\Performance Tools\x64;D:\EnglishSoftware\visualStudio2019\Team Tools\Performance Tools;D:\EnglishSoftware\c++Environment\vsEnvironment\Common\VSPerfCollectionTools\vs2019\\x64;D:\EnglishSoftware\c++Environment\vsEnvironment\Common\VSPerfCollectionTools\vs2019\;D:\Windows Kits\10\bin\10.0.18362.0\x64;D:\Windows Kits\10\bin\x64;D:\EnglishSoftware\visualStudio2019\\MSBuild\Current\Bin;C:\Windows\Microsoft.NET\Framework64\v4.0.30319;D:\EnglishSoftware\visualStudio2019\Common7\IDE\;D:\EnglishSoftware\visualStudio2019\Common7\Tools\;C:\Program Files\NVIDIA GPU Computing Toolkit\CUDA\v11.0\bin;C:\Program Files\NVIDIA GPU Computing Toolkit\CUDA\v11.0\libnvvp;D:\EnglishSoftware\xftp\;D:\EnglishSoftware\xshell\;C:\Program Files (x86)\Common Files\Intel\Shared Libraries\redist\intel64\compiler;C:\Windows\system32;C:\Windows;C:\Windows\System32\Wbem;C:\Windows\System32\WindowsPowerShell\v1.0\;C:\Windows\System32\OpenSSH\;D:\EnglishSoftware\Git\cmd;D:\EnglishSoftware\010 Editor;C:\Program Files\NVIDIA Corporation\Nsight Compute 2020.1.2\;C:\Program Files (x86)\NVIDIA Corporation\PhysX\Common;C:\Program Files\NVIDIA Corporation\NVIDIA NvDLISR;D:\EnglishSoftware\c++Environment\clang\LLVM\bin;C:\Users\尹浩男\AppData\Local\Programs\Python\Python38\Scripts\;C:\Users\尹浩男\AppData\Local\Programs\Python\Python38\;C:\Users\尹浩男\AppData\Local\Microsoft\WindowsApps;D:\EnglishSoftware\javaEnvironment\maven3.6.3\bin;D:\EnglishSoftware\idea\IntelliJ IDEA 2020.2\bin;;D:\EnglishSoftware\clion\CLion 2020.2\bin;;D:\EnglishSoftware\c++Environment\MinGW\bin;D:\EnglishSoftware\Microsoft VS Code\bin;D:\EnglishSoftware\WebStorm 2020.2.1\bin;;G:\bin;D:\EnglishSoftware\visualStudio2019\VC\Tools\MSVC\14.27.29110\bin\Hostx64\x86;;D:\EnglishSoftware\visualStudio2019\Common7\IDE\CommonExtensions\Microsoft\CMake\CMake\bin;D:\EnglishSoftware\visualStudio2019\Common7\IDE\CommonExtensions\Microsoft\CMake\Ninja;C:\Program Files\NVIDIA GPU Computing Toolkit\CUDA\v11.0\bin;C:\Program Files\NVIDIA GPU Computing Toolkit\CUDA\v11.0\libnvvp;D:\EnglishSoftware\xftp\;D:\EnglishSoftware\xshell\;C:\Program Files (x86)\Common Files\Intel\Shared Libraries\redist\intel64\compiler;C:\Windows\system32;C:\Windows;C:\Windows\System32\Wbem;C:\Windows\System32\WindowsPowerShell\v1.0\;C:\Windows\System32\OpenSSH\;D:\EnglishSoftware\Git\cmd;D:\EnglishSoftware\010 Editor;C:\Program Files\NVIDIA Corporation\Nsight Compute 2020.1.2\;C:\Program Files (x86)\NVIDIA Corporation\PhysX\Common;C:\Program Files\NVIDIA Corporation\NVIDIA NvDLISR;D:\EnglishSoftware\c++Environment\clang\LLVM\bin;C:\Users\尹浩男\AppData\Local\Programs\Python\Python38\Scripts\;C:\Users\尹浩男\AppData\Local\Programs\Python\Python38\;C:\Users\尹浩男\AppData\Local\Microsoft\WindowsApps;D:\EnglishSoftware\javaEnvironment\maven3.6.3\bin;D:\EnglishSoftware\idea\IntelliJ IDEA 2020.2\bin;;D:\EnglishSoftware\clion\CLion 2020.2\bin;;D:\EnglishSoftware\c++Environment\MinGW\bin;D:\EnglishSoftware\Microsoft VS Code\bin;D:\EnglishSoftware\WebStorm 2020.2.1\bin;;G:\bin;D:\EnglishSoftware\visualStudio2019\VC\Tools\MSVC\14.27.29110\bin\Hostx64\x86;;D:\EnglishSoftware\visualStudio2019\Common7\IDE\CommonExtensions\Microsoft\CMake\CMake\bin;D:\EnglishSoftware\visualStudio2019\Common7\IDE\CommonExtensions\Microsoft\CMake\Ninja
#$ _NVVM_BRANCH_=nvvm
#$ _SPACE_= 
#$ _CUDART_=cudart
#$ _HERE_=C:/Program Files/NVIDIA GPU Computing Toolkit/CUDA/v11.0/bin
#$ _THERE_=C:/Program Files/NVIDIA GPU Computing Toolkit/CUDA/v11.0/bin
#$ _TARGET_SIZE_=
#$ _TARGET_DIR_=
#$ _TARGET_SIZE_=64
#$ _WIN_PLATFORM_=x64
#$ TOP=C:/Program Files/NVIDIA GPU Computing Toolkit/CUDA/v11.0/bin/..
#$ NVVMIR_LIBRARY_DIR=C:/Program Files/NVIDIA GPU Computing Toolkit/CUDA/v11.0/bin/../nvvm/libdevice
#$ PATH=C:/Program Files/NVIDIA GPU Computing Toolkit/CUDA/v11.0/bin/../nvvm/bin;C:/Program Files/NVIDIA GPU Computing Toolkit/CUDA/v11.0/bin;C:/Program Files/NVIDIA GPU Computing Toolkit/CUDA/v11.0/bin/../lib;D:\EnglishSoftware\visualStudio2019\VC\Tools\MSVC\14.27.29110\bin\HostX64\x64;D:\EnglishSoftware\visualStudio2019\Common7\IDE\\Extensions\Microsoft\IntelliCode\CLI;D:\EnglishSoftware\visualStudio2019\VC\Tools\MSVC\14.27.29110\bin\HostX64\x64;D:\EnglishSoftware\visualStudio2019\Common7\IDE\VC\VCPackages;D:\EnglishSoftware\visualStudio2019\Common7\IDE\CommonExtensions\Microsoft\TestWindow;D:\EnglishSoftware\visualStudio2019\Common7\IDE\CommonExtensions\Microsoft\TeamFoundation\Team Explorer;D:\EnglishSoftware\visualStudio2019\MSBuild\Current\bin\Roslyn;D:\EnglishSoftware\visualStudio2019\Team Tools\Performance Tools\x64;D:\EnglishSoftware\visualStudio2019\Team Tools\Performance Tools;D:\EnglishSoftware\c++Environment\vsEnvironment\Common\VSPerfCollectionTools\vs2019\\x64;D:\EnglishSoftware\c++Environment\vsEnvironment\Common\VSPerfCollectionTools\vs2019\;D:\Windows Kits\10\bin\10.0.18362.0\x64;D:\Windows Kits\10\bin\x64;D:\EnglishSoftware\visualStudio2019\\MSBuild\Current\Bin;C:\Windows\Microsoft.NET\Framework64\v4.0.30319;D:\EnglishSoftware\visualStudio2019\Common7\IDE\;D:\EnglishSoftware\visualStudio2019\Common7\Tools\;D:\EnglishSoftware\visualStudio2019\Common7\IDE\\Extensions\Microsoft\IntelliCode\CLI;D:\EnglishSoftware\visualStudio2019\VC\Tools\MSVC\14.27.29110\bin\HostX64\x64;D:\EnglishSoftware\visualStudio2019\Common7\IDE\VC\VCPackages;D:\EnglishSoftware\visualStudio2019\Common7\IDE\CommonExtensions\Microsoft\TestWindow;D:\EnglishSoftware\visualStudio2019\Common7\IDE\CommonExtensions\Microsoft\TeamFoundation\Team Explorer;D:\EnglishSoftware\visualStudio2019\MSBuild\Current\bin\Roslyn;D:\EnglishSoftware\visualStudio2019\Team Tools\Performance Tools\x64;D:\EnglishSoftware\visualStudio2019\Team Tools\Performance Tools;D:\EnglishSoftware\c++Environment\vsEnvironment\Common\VSPerfCollectionTools\vs2019\\x64;D:\EnglishSoftware\c++Environment\vsEnvironment\Common\VSPerfCollectionTools\vs2019\;D:\Windows Kits\10\bin\10.0.18362.0\x64;D:\Windows Kits\10\bin\x64;D:\EnglishSoftware\visualStudio2019\\MSBuild\Current\Bin;C:\Windows\Microsoft.NET\Framework64\v4.0.30319;D:\EnglishSoftware\visualStudio2019\Common7\IDE\;D:\EnglishSoftware\visualStudio2019\Common7\Tools\;C:\Program Files\NVIDIA GPU Computing Toolkit\CUDA\v11.0\bin;C:\Program Files\NVIDIA GPU Computing Toolkit\CUDA\v11.0\libnvvp;D:\EnglishSoftware\xftp\;D:\EnglishSoftware\xshell\;C:\Program Files (x86)\Common Files\Intel\Shared Libraries\redist\intel64\compiler;C:\Windows\system32;C:\Windows;C:\Windows\System32\Wbem;C:\Windows\System32\WindowsPowerShell\v1.0\;C:\Windows\System32\OpenSSH\;D:\EnglishSoftware\Git\cmd;D:\EnglishSoftware\010 Editor;C:\Program Files\NVIDIA Corporation\Nsight Compute 2020.1.2\;C:\Program Files (x86)\NVIDIA Corporation\PhysX\Common;C:\Program Files\NVIDIA Corporation\NVIDIA NvDLISR;D:\EnglishSoftware\c++Environment\clang\LLVM\bin;C:\Users\尹浩男\AppData\Local\Programs\Python\Python38\Scripts\;C:\Users\尹浩男\AppData\Local\Programs\Python\Python38\;C:\Users\尹浩男\AppData\Local\Microsoft\WindowsApps;D:\EnglishSoftware\javaEnvironment\maven3.6.3\bin;D:\EnglishSoftware\idea\IntelliJ IDEA 2020.2\bin;;D:\EnglishSoftware\clion\CLion 2020.2\bin;;D:\EnglishSoftware\c++Environment\MinGW\bin;D:\EnglishSoftware\Microsoft VS Code\bin;D:\EnglishSoftware\WebStorm 2020.2.1\bin;;G:\bin;D:\EnglishSoftware\visualStudio2019\VC\Tools\MSVC\14.27.29110\bin\Hostx64\x86;;D:\EnglishSoftware\visualStudio2019\Common7\IDE\CommonExtensions\Microsoft\CMake\CMake\bin;D:\EnglishSoftware\visualStudio2019\Common7\IDE\CommonExtensions\Microsoft\CMake\Ninja;C:\Program Files\NVIDIA GPU Computing Toolkit\CUDA\v11.0\bin;C:\Program Files\NVIDIA GPU Computing Toolkit\CUDA\v11.0\libnvvp;D:\EnglishSoftware\xftp\;D:\EnglishSoftware\xshell\;C:\Program Files (x86)\Common Files\Intel\Shared Libraries\redist\intel64\compiler;C:\Windows\system32;C:\Windows;C:\Windows\System32\Wbem;C:\Windows\System32\WindowsPowerShell\v1.0\;C:\Windows\System32\OpenSSH\;D:\EnglishSoftware\Git\cmd;D:\EnglishSoftware\010 Editor;C:\Program Files\NVIDIA Corporation\Nsight Compute 2020.1.2\;C:\Program Files (x86)\NVIDIA Corporation\PhysX\Common;C:\Program Files\NVIDIA Corporation\NVIDIA NvDLISR;D:\EnglishSoftware\c++Environment\clang\LLVM\bin;C:\Users\尹浩男\AppData\Local\Programs\Python\Python38\Scripts\;C:\Users\尹浩男\AppData\Local\Programs\Python\Python38\;C:\Users\尹浩男\AppData\Local\Microsoft\WindowsApps;D:\EnglishSoftware\javaEnvironment\maven3.6.3\bin;D:\EnglishSoftware\idea\IntelliJ IDEA 2020.2\bin;;D:\EnglishSoftware\clion\CLion 2020.2\bin;;D:\EnglishSoftware\c++Environment\MinGW\bin;D:\EnglishSoftware\Microsoft VS Code\bin;D:\EnglishSoftware\WebStorm 2020.2.1\bin;;G:\bin;D:\EnglishSoftware\visualStudio2019\VC\Tools\MSVC\14.27.29110\bin\Hostx64\x86;;D:\EnglishSoftware\visualStudio2019\Common7\IDE\CommonExtensions\Microsoft\CMake\CMake\bin;D:\EnglishSoftware\visualStudio2019\Common7\IDE\CommonExtensions\Microsoft\CMake\Ninja
#$ INCLUDES="-IC:/Program Files/NVIDIA GPU Computing Toolkit/CUDA/v11.0/bin/../include"  
#$ LIBRARIES=  "/LIBPATH:C:/Program Files/NVIDIA GPU Computing Toolkit/CUDA/v11.0/bin/../lib/x64"
#$ CUDAFE_FLAGS=
#$ PTXAS_FLAGS=
#$ erase tmp/a_dlink.reg.c
CMakeCUDACompilerId.cu
#$ cl.exe @"tmp/CMakeCUDACompilerId.cpp1.ii.res" > "tmp/CMakeCUDACompilerId.cpp1.ii" 
CMakeCUDACompilerId.cu
#$ cicc --microsoft_version=1927 --msvc_target_version=1927 --compiler_bindir "D:/EnglishSoftware/visualStudio2019/VC/Tools/MSVC/14.27.29110/bin/HostX64/x64/../../../../../../.." --sdk_dir "D:/Windows Kits/10/" --orig_src_file_name "CMakeCUDACompilerId.cu" --allow_managed  -arch compute_52 -m64 -ftz=0 -prec_div=1 -prec_sqrt=1 -fmad=1 --include_file_name "CMakeCUDACompilerId.fatbin.c" -tused -nvvmir-library "C:/Program Files/NVIDIA GPU Computing Toolkit/CUDA/v11.0/bin/../nvvm/libdevice/libdevice.10.bc" --gen_module_id_file --module_id_file_name "tmp/CMakeCUDACompilerId.module_id" --gen_c_file_name "tmp/CMakeCUDACompilerId.cudafe1.c" --stub_file_name "tmp/CMakeCUDACompilerId.cudafe1.stub.c" --gen_device_file_name "tmp/CMakeCUDACompilerId.cudafe1.gpu"  "tmp/CMakeCUDACompilerId.cpp1.ii" -o "tmp/CMakeCUDACompilerId.ptx"
#$ ptxas -arch=sm_52 -m64 "tmp/CMakeCUDACompilerId.ptx"  -o "tmp/CMakeCUDACompilerId.sm_52.cubin" 
#$ fatbinary --create="tmp/CMakeCUDACompilerId.fatbin" -64 --cicc-cmdline="-ftz=0 -prec_div=1 -prec_sqrt=1 -fmad=1 " "--image3=kind=elf,sm=52,file=tmp/CMakeCUDACompilerId.sm_52.cubin" "--image3=kind=ptx,sm=52,file=tmp/CMakeCUDACompilerId.ptx" --embedded-fatbin="tmp/CMakeCUDACompilerId.fatbin.c" 
#$ cl.exe @"tmp/CMakeCUDACompilerId.cpp4.ii.res" > "tmp/CMakeCUDACompilerId.cpp4.ii" 
CMakeCUDACompilerId.cu
#$ cudafe++ --microsoft_version=1927 --msvc_target_version=1927 --compiler_bindir "D:/EnglishSoftware/visualStudio2019/VC/Tools/MSVC/14.27.29110/bin/HostX64/x64/../../../../../../.." --sdk_dir "D:/Windows Kits/10/" --orig_src_file_name "CMakeCUDACompilerId.cu" --allow_managed --m64 --parse_templates --gen_c_file_name "tmp/CMakeCUDACompilerId.cudafe1.cpp" --stub_file_name "CMakeCUDACompilerId.cudafe1.stub.c" --module_id_file_name "tmp/CMakeCUDACompilerId.module_id" "tmp/CMakeCUDACompilerId.cpp4.ii" 
#$ cl.exe @"tmp/CMakeCUDACompilerId.obj.res" -Fo"tmp/CMakeCUDACompilerId.obj" 
CMakeCUDACompilerId.cudafe1.cpp
#$ nvlink -optf "tmp/a_dlink.sm_52.cubin.optf"
#$ fatbinary --create="tmp/a_dlink.fatbin" -64 --cicc-cmdline="-ftz=0 -prec_div=1 -prec_sqrt=1 -fmad=1 " -link "--image3=kind=elf,sm=52,file=tmp/a_dlink.sm_52.cubin" --embedded-fatbin="tmp/a_dlink.fatbin.c" 
#$ cl.exe @"tmp/a_dlink.obj.res" -Fo"tmp/a_dlink.obj" 
link.stub
#$ cl.exe @"tmp/a.exe.res" -Fe"a.exe" 
  正在创建库 a.lib 和对象 a.exp


Compilation of the CUDA compiler identification source "CMakeCUDACompilerId.cu" produced "a.exe"

Compilation of the CUDA compiler identification source "CMakeCUDACompilerId.cu" produced "a.exp"

Compilation of the CUDA compiler identification source "CMakeCUDACompilerId.cu" produced "a.lib"

The CUDA compiler identification is NVIDIA, found in "F:/project/github/SdustParallelProgramming/teamWork2_RGBToGreyscale/cmake-build-debug/CMakeFiles/3.17.3/CompilerIdCUDA/a.exe"

Parsed CUDA nvcc implicit link information from above output:
  found 'PATH=' string: [D:\EnglishSoftware\visualStudio2019\Common7\IDE\\Extensions\Microsoft\IntelliCode\CLI;D:\EnglishSoftware\visualStudio2019\VC\Tools\MSVC\14.27.29110\bin\HostX64\x64;D:\EnglishSoftware\visualStudio2019\Common7\IDE\VC\VCPackages;D:\EnglishSoftware\visualStudio2019\Common7\IDE\CommonExtensions\Microsoft\TestWindow;D:\EnglishSoftware\visualStudio2019\Common7\IDE\CommonExtensions\Microsoft\TeamFoundation\Team Explorer;D:\EnglishSoftware\visualStudio2019\MSBuild\Current\bin\Roslyn;D:\EnglishSoftware\visualStudio2019\Team Tools\Performance Tools\x64;D:\EnglishSoftware\visualStudio2019\Team Tools\Performance Tools;D:\EnglishSoftware\c++Environment\vsEnvironment\Common\VSPerfCollectionTools\vs2019\\x64;D:\EnglishSoftware\c++Environment\vsEnvironment\Common\VSPerfCollectionTools\vs2019\;D:\Windows Kits\10\bin\10.0.18362.0\x64;D:\Windows Kits\10\bin\x64;D:\EnglishSoftware\visualStudio2019\\MSBuild\Current\Bin;C:\Windows\Microsoft.NET\Framework64\v4.0.30319;D:\EnglishSoftware\visualStudio2019\Common7\IDE\;D:\EnglishSoftware\visualStudio2019\Common7\Tools\;D:\EnglishSoftware\visualStudio2019\Common7\IDE\\Extensions\Microsoft\IntelliCode\CLI;D:\EnglishSoftware\visualStudio2019\VC\Tools\MSVC\14.27.29110\bin\HostX64\x64;D:\EnglishSoftware\visualStudio2019\Common7\IDE\VC\VCPackages;D:\EnglishSoftware\visualStudio2019\Common7\IDE\CommonExtensions\Microsoft\TestWindow;D:\EnglishSoftware\visualStudio2019\Common7\IDE\CommonExtensions\Microsoft\TeamFoundation\Team Explorer;D:\EnglishSoftware\visualStudio2019\MSBuild\Current\bin\Roslyn;D:\EnglishSoftware\visualStudio2019\Team Tools\Performance Tools\x64;D:\EnglishSoftware\visualStudio2019\Team Tools\Performance Tools;D:\EnglishSoftware\c++Environment\vsEnvironment\Common\VSPerfCollectionTools\vs2019\\x64;D:\EnglishSoftware\c++Environment\vsEnvironment\Common\VSPerfCollectionTools\vs2019\;D:\Windows Kits\10\bin\10.0.18362.0\x64;D:\Windows Kits\10\bin\x64;D:\EnglishSoftware\visualStudio2019\\MSBuild\Current\Bin;C:\Windows\Microsoft.NET\Framework64\v4.0.30319;D:\EnglishSoftware\visualStudio2019\Common7\IDE\;D:\EnglishSoftware\visualStudio2019\Common7\Tools\;C:\Program Files\NVIDIA GPU Computing Toolkit\CUDA\v11.0\bin;C:\Program Files\NVIDIA GPU Computing Toolkit\CUDA\v11.0\libnvvp;D:\EnglishSoftware\xftp\;D:\EnglishSoftware\xshell\;C:\Program Files (x86)\Common Files\Intel\Shared Libraries\redist\intel64\compiler;C:\Windows\system32;C:\Windows;C:\Windows\System32\Wbem;C:\Windows\System32\WindowsPowerShell\v1.0\;C:\Windows\System32\OpenSSH\;D:\EnglishSoftware\Git\cmd;D:\EnglishSoftware\010 Editor;C:\Program Files\NVIDIA Corporation\Nsight Compute 2020.1.2\;C:\Program Files (x86)\NVIDIA Corporation\PhysX\Common;C:\Program Files\NVIDIA Corporation\NVIDIA NvDLISR;D:\EnglishSoftware\c++Environment\clang\LLVM\bin;C:\Users\尹浩男\AppData\Local\Programs\Python\Python38\Scripts\;C:\Users\尹浩男\AppData\Local\Programs\Python\Python38\;C:\Users\尹浩男\AppData\Local\Microsoft\WindowsApps;D:\EnglishSoftware\javaEnvironment\maven3.6.3\bin;D:\EnglishSoftware\idea\IntelliJ IDEA 2020.2\bin;;D:\EnglishSoftware\clion\CLion 2020.2\bin;;D:\EnglishSoftware\c++Environment\MinGW\bin;D:\EnglishSoftware\Microsoft VS Code\bin;D:\EnglishSoftware\WebStorm 2020.2.1\bin;;G:\bin;D:\EnglishSoftware\visualStudio2019\VC\Tools\MSVC\14.27.29110\bin\Hostx64\x86;;D:\EnglishSoftware\visualStudio2019\Common7\IDE\CommonExtensions\Microsoft\CMake\CMake\bin;D:\EnglishSoftware\visualStudio2019\Common7\IDE\CommonExtensions\Microsoft\CMake\Ninja;C:\Program Files\NVIDIA GPU Computing Toolkit\CUDA\v11.0\bin;C:\Program Files\NVIDIA GPU Computing Toolkit\CUDA\v11.0\libnvvp;D:\EnglishSoftware\xftp\;D:\EnglishSoftware\xshell\;C:\Program Files (x86)\Common Files\Intel\Shared Libraries\redist\intel64\compiler;C:\Windows\system32;C:\Windows;C:\Windows\System32\Wbem;C:\Windows\System32\WindowsPowerShell\v1.0\;C:\Windows\System32\OpenSSH\;D:\EnglishSoftware\Git\cmd;D:\EnglishSoftware\010 Editor;C:\Program Files\NVIDIA Corporation\Nsight Compute 2020.1.2\;C:\Program Files (x86)\NVIDIA Corporation\PhysX\Common;C:\Program Files\NVIDIA Corporation\NVIDIA NvDLISR;D:\EnglishSoftware\c++Environment\clang\LLVM\bin;C:\Users\尹浩男\AppData\Local\Programs\Python\Python38\Scripts\;C:\Users\尹浩男\AppData\Local\Programs\Python\Python38\;C:\Users\尹浩男\AppData\Local\Microsoft\WindowsApps;D:\EnglishSoftware\javaEnvironment\maven3.6.3\bin;D:\EnglishSoftware\idea\IntelliJ IDEA 2020.2\bin;;D:\EnglishSoftware\clion\CLion 2020.2\bin;;D:\EnglishSoftware\c++Environment\MinGW\bin;D:\EnglishSoftware\Microsoft VS Code\bin;D:\EnglishSoftware\WebStorm 2020.2.1\bin;;G:\bin;D:\EnglishSoftware\visualStudio2019\VC\Tools\MSVC\14.27.29110\bin\Hostx64\x86;;D:\EnglishSoftware\visualStudio2019\Common7\IDE\CommonExtensions\Microsoft\CMake\CMake\bin;D:\EnglishSoftware\visualStudio2019\Common7\IDE\CommonExtensions\Microsoft\CMake\Ninja]
  found 'LIBRARIES=' string: ["/LIBPATH:C:/Program Files/NVIDIA GPU Computing Toolkit/CUDA/v11.0/bin/../lib/x64"]
  considering line: []
  considering line: [F:\project\github\SdustParallelProgramming\teamWork2_RGBToGreyscale\cmake-build-debug\CMakeFiles\3.17.3\CompilerIdCUDA>call "D:/EnglishSoftware/visualStudio2019/VC/Tools/MSVC/14.27.29110/bin/HostX64/x64/../../../../../../../VC/Auxiliary/Build/vcvars64.bat" ]
  considering line: [**********************************************************************]
  considering line: [** Visual Studio 2019 Developer Command Prompt v16.7.3]
  considering line: [** Copyright (c) 2020 Microsoft Corporation]
  considering line: [**********************************************************************]
  considering line: [[vcvarsall.bat] Environment initialized for: 'x64']
  considering line: [D:/EnglishSoftware/visualStudio2019/VC/Tools/MSVC/14.27.29110/bin/HostX64/x64/../../../../../../../VC/Auxiliary/Build/vcvars64.bat]
  considering line: [IntelliJ IDEA=D:\EnglishSoftware\idea\IntelliJ IDEA 2020.2\bin]
  considering line: []
  considering line: [erase tmp/a_dlink.reg.c]
  considering line: [CMakeCUDACompilerId.cu]
  considering line: [cl.exe @"tmp/CMakeCUDACompilerId.cpp1.ii.res" > "tmp/CMakeCUDACompilerId.cpp1.ii" ]
  considering line: [CMakeCUDACompilerId.cu]
  considering line: [cicc --microsoft_version=1927 --msvc_target_version=1927 --compiler_bindir "D:/EnglishSoftware/visualStudio2019/VC/Tools/MSVC/14.27.29110/bin/HostX64/x64/../../../../../../.." --sdk_dir "D:/Windows Kits/10/" --orig_src_file_name "CMakeCUDACompilerId.cu" --allow_managed  -arch compute_52 -m64 -ftz=0 -prec_div=1 -prec_sqrt=1 -fmad=1 --include_file_name "CMakeCUDACompilerId.fatbin.c" -tused -nvvmir-library "C:/Program Files/NVIDIA GPU Computing Toolkit/CUDA/v11.0/bin/../nvvm/libdevice/libdevice.10.bc" --gen_module_id_file --module_id_file_name "tmp/CMakeCUDACompilerId.module_id" --gen_c_file_name "tmp/CMakeCUDACompilerId.cudafe1.c" --stub_file_name "tmp/CMakeCUDACompilerId.cudafe1.stub.c" --gen_device_file_name "tmp/CMakeCUDACompilerId.cudafe1.gpu"  "tmp/CMakeCUDACompilerId.cpp1.ii" -o "tmp/CMakeCUDACompilerId.ptx"]
  considering line: [ptxas -arch=sm_52 -m64 "tmp/CMakeCUDACompilerId.ptx"  -o "tmp/CMakeCUDACompilerId.sm_52.cubin" ]
  considering line: [fatbinary --create="tmp/CMakeCUDACompilerId.fatbin" -64 --cicc-cmdline="-ftz=0 -prec_div=1 -prec_sqrt=1 -fmad=1 " "--image3=kind=elf,sm=52,file=tmp/CMakeCUDACompilerId.sm_52.cubin" "--image3=kind=ptx,sm=52,file=tmp/CMakeCUDACompilerId.ptx" --embedded-fatbin="tmp/CMakeCUDACompilerId.fatbin.c" ]
  considering line: [cl.exe @"tmp/CMakeCUDACompilerId.cpp4.ii.res" > "tmp/CMakeCUDACompilerId.cpp4.ii" ]
  considering line: [CMakeCUDACompilerId.cu]
  considering line: [cudafe++ --microsoft_version=1927 --msvc_target_version=1927 --compiler_bindir "D:/EnglishSoftware/visualStudio2019/VC/Tools/MSVC/14.27.29110/bin/HostX64/x64/../../../../../../.." --sdk_dir "D:/Windows Kits/10/" --orig_src_file_name "CMakeCUDACompilerId.cu" --allow_managed --m64 --parse_templates --gen_c_file_name "tmp/CMakeCUDACompilerId.cudafe1.cpp" --stub_file_name "CMakeCUDACompilerId.cudafe1.stub.c" --module_id_file_name "tmp/CMakeCUDACompilerId.module_id" "tmp/CMakeCUDACompilerId.cpp4.ii" ]
  considering line: [cl.exe @"tmp/CMakeCUDACompilerId.obj.res" -Fo"tmp/CMakeCUDACompilerId.obj" ]
  considering line: [CMakeCUDACompilerId.cudafe1.cpp]
  considering line: [nvlink -optf "tmp/a_dlink.sm_52.cubin.optf"]
    ignoring nvlink line
  considering line: [fatbinary --create="tmp/a_dlink.fatbin" -64 --cicc-cmdline="-ftz=0 -prec_div=1 -prec_sqrt=1 -fmad=1 " -link "--image3=kind=elf,sm=52,file=tmp/a_dlink.sm_52.cubin" --embedded-fatbin="tmp/a_dlink.fatbin.c" ]
  considering line: [cl.exe @"tmp/a_dlink.obj.res" -Fo"tmp/a_dlink.obj" ]
  considering line: [link.stub]
  considering line: [cl.exe @"tmp/a.exe.res" -Fe"a.exe" ]
    extracted link line: [cl.exe -nologo "tmp/a_dlink.obj" "tmp/CMakeCUDACompilerId.obj" -link -INCREMENTAL:NO   "/LIBPATH:C:/Program Files/NVIDIA GPU Computing Toolkit/CUDA/v11.0/bin/../lib/x64"  cudadevrt.lib  cudart_static.lib -Fe"a.exe" ]
  considering line: [  正在创建库 a.lib 和对象 a.exp]
  considering line: []

  link line regex: [^( *|.*[/\])(link\.exe|CMAKE_LINK_STARTFILE-NOTFOUND|([^/\]+-)?ld|collect2)[^/\]*( |$)]
  link line: [cuda-fake-ld cl.exe -nologo "tmp/a_dlink.obj" "tmp/CMakeCUDACompilerId.obj" -link -INCREMENTAL:NO   "/LIBPATH:C:/Program Files/NVIDIA GPU Computing Toolkit/CUDA/v11.0/bin/../lib/x64"  cudadevrt.lib  cudart_static.lib -Fe"a.exe" ]
    arg [cuda-fake-ld] ==> ignore
    arg [cl.exe] ==> recognize MSVC cl
    arg [-nologo] ==> ignore
    arg [tmp/a_dlink.obj] ==> ignore
    arg [tmp/CMakeCUDACompilerId.obj] ==> ignore
    arg [-link] ==> ignore MSVC cl option
    arg [-INCREMENTAL:NO] ==> ignore
    arg [/LIBPATH:C:/Program Files/NVIDIA GPU Computing Toolkit/CUDA/v11.0/bin/../lib/x64] ==> dir [C:/Program Files/NVIDIA GPU Computing Toolkit/CUDA/v11.0/bin/../lib/x64]
    arg [cudadevrt.lib] ==> lib [cudadevrt.lib]
    arg [cudart_static.lib] ==> lib [cudart_static.lib]
    arg [-Fea.exe] ==> ignore
  collapse library dir [C:/Program Files/NVIDIA GPU Computing Toolkit/CUDA/v11.0/bin/../lib/x64] ==> [C:/Program Files/NVIDIA GPU Computing Toolkit/CUDA/v11.0/lib/x64]
  implicit libs: [cudadevrt.lib;cudart_static.lib]
  implicit dirs: [C:/Program Files/NVIDIA GPU Computing Toolkit/CUDA/v11.0/lib/x64]
  implicit fwks: []


Parsed CUDA nvcc include information from above output:
  found 'PATH=' string: [D:\EnglishSoftware\visualStudio2019\Common7\IDE\\Extensions\Microsoft\IntelliCode\CLI;D:\EnglishSoftware\visualStudio2019\VC\Tools\MSVC\14.27.29110\bin\HostX64\x64;D:\EnglishSoftware\visualStudio2019\Common7\IDE\VC\VCPackages;D:\EnglishSoftware\visualStudio2019\Common7\IDE\CommonExtensions\Microsoft\TestWindow;D:\EnglishSoftware\visualStudio2019\Common7\IDE\CommonExtensions\Microsoft\TeamFoundation\Team Explorer;D:\EnglishSoftware\visualStudio2019\MSBuild\Current\bin\Roslyn;D:\EnglishSoftware\visualStudio2019\Team Tools\Performance Tools\x64;D:\EnglishSoftware\visualStudio2019\Team Tools\Performance Tools;D:\EnglishSoftware\c++Environment\vsEnvironment\Common\VSPerfCollectionTools\vs2019\\x64;D:\EnglishSoftware\c++Environment\vsEnvironment\Common\VSPerfCollectionTools\vs2019\;D:\Windows Kits\10\bin\10.0.18362.0\x64;D:\Windows Kits\10\bin\x64;D:\EnglishSoftware\visualStudio2019\\MSBuild\Current\Bin;C:\Windows\Microsoft.NET\Framework64\v4.0.30319;D:\EnglishSoftware\visualStudio2019\Common7\IDE\;D:\EnglishSoftware\visualStudio2019\Common7\Tools\;D:\EnglishSoftware\visualStudio2019\Common7\IDE\\Extensions\Microsoft\IntelliCode\CLI;D:\EnglishSoftware\visualStudio2019\VC\Tools\MSVC\14.27.29110\bin\HostX64\x64;D:\EnglishSoftware\visualStudio2019\Common7\IDE\VC\VCPackages;D:\EnglishSoftware\visualStudio2019\Common7\IDE\CommonExtensions\Microsoft\TestWindow;D:\EnglishSoftware\visualStudio2019\Common7\IDE\CommonExtensions\Microsoft\TeamFoundation\Team Explorer;D:\EnglishSoftware\visualStudio2019\MSBuild\Current\bin\Roslyn;D:\EnglishSoftware\visualStudio2019\Team Tools\Performance Tools\x64;D:\EnglishSoftware\visualStudio2019\Team Tools\Performance Tools;D:\EnglishSoftware\c++Environment\vsEnvironment\Common\VSPerfCollectionTools\vs2019\\x64;D:\EnglishSoftware\c++Environment\vsEnvironment\Common\VSPerfCollectionTools\vs2019\;D:\Windows Kits\10\bin\10.0.18362.0\x64;D:\Windows Kits\10\bin\x64;D:\EnglishSoftware\visualStudio2019\\MSBuild\Current\Bin;C:\Windows\Microsoft.NET\Framework64\v4.0.30319;D:\EnglishSoftware\visualStudio2019\Common7\IDE\;D:\EnglishSoftware\visualStudio2019\Common7\Tools\;C:\Program Files\NVIDIA GPU Computing Toolkit\CUDA\v11.0\bin;C:\Program Files\NVIDIA GPU Computing Toolkit\CUDA\v11.0\libnvvp;D:\EnglishSoftware\xftp\;D:\EnglishSoftware\xshell\;C:\Program Files (x86)\Common Files\Intel\Shared Libraries\redist\intel64\compiler;C:\Windows\system32;C:\Windows;C:\Windows\System32\Wbem;C:\Windows\System32\WindowsPowerShell\v1.0\;C:\Windows\System32\OpenSSH\;D:\EnglishSoftware\Git\cmd;D:\EnglishSoftware\010 Editor;C:\Program Files\NVIDIA Corporation\Nsight Compute 2020.1.2\;C:\Program Files (x86)\NVIDIA Corporation\PhysX\Common;C:\Program Files\NVIDIA Corporation\NVIDIA NvDLISR;D:\EnglishSoftware\c++Environment\clang\LLVM\bin;C:\Users\尹浩男\AppData\Local\Programs\Python\Python38\Scripts\;C:\Users\尹浩男\AppData\Local\Programs\Python\Python38\;C:\Users\尹浩男\AppData\Local\Microsoft\WindowsApps;D:\EnglishSoftware\javaEnvironment\maven3.6.3\bin;D:\EnglishSoftware\idea\IntelliJ IDEA 2020.2\bin;;D:\EnglishSoftware\clion\CLion 2020.2\bin;;D:\EnglishSoftware\c++Environment\MinGW\bin;D:\EnglishSoftware\Microsoft VS Code\bin;D:\EnglishSoftware\WebStorm 2020.2.1\bin;;G:\bin;D:\EnglishSoftware\visualStudio2019\VC\Tools\MSVC\14.27.29110\bin\Hostx64\x86;;D:\EnglishSoftware\visualStudio2019\Common7\IDE\CommonExtensions\Microsoft\CMake\CMake\bin;D:\EnglishSoftware\visualStudio2019\Common7\IDE\CommonExtensions\Microsoft\CMake\Ninja;C:\Program Files\NVIDIA GPU Computing Toolkit\CUDA\v11.0\bin;C:\Program Files\NVIDIA GPU Computing Toolkit\CUDA\v11.0\libnvvp;D:\EnglishSoftware\xftp\;D:\EnglishSoftware\xshell\;C:\Program Files (x86)\Common Files\Intel\Shared Libraries\redist\intel64\compiler;C:\Windows\system32;C:\Windows;C:\Windows\System32\Wbem;C:\Windows\System32\WindowsPowerShell\v1.0\;C:\Windows\System32\OpenSSH\;D:\EnglishSoftware\Git\cmd;D:\EnglishSoftware\010 Editor;C:\Program Files\NVIDIA Corporation\Nsight Compute 2020.1.2\;C:\Program Files (x86)\NVIDIA Corporation\PhysX\Common;C:\Program Files\NVIDIA Corporation\NVIDIA NvDLISR;D:\EnglishSoftware\c++Environment\clang\LLVM\bin;C:\Users\尹浩男\AppData\Local\Programs\Python\Python38\Scripts\;C:\Users\尹浩男\AppData\Local\Programs\Python\Python38\;C:\Users\尹浩男\AppData\Local\Microsoft\WindowsApps;D:\EnglishSoftware\javaEnvironment\maven3.6.3\bin;D:\EnglishSoftware\idea\IntelliJ IDEA 2020.2\bin;;D:\EnglishSoftware\clion\CLion 2020.2\bin;;D:\EnglishSoftware\c++Environment\MinGW\bin;D:\EnglishSoftware\Microsoft VS Code\bin;D:\EnglishSoftware\WebStorm 2020.2.1\bin;;G:\bin;D:\EnglishSoftware\visualStudio2019\VC\Tools\MSVC\14.27.29110\bin\Hostx64\x86;;D:\EnglishSoftware\visualStudio2019\Common7\IDE\CommonExtensions\Microsoft\CMake\CMake\bin;D:\EnglishSoftware\visualStudio2019\Common7\IDE\CommonExtensions\Microsoft\CMake\Ninja]
  found 'LIBRARIES=' string: ["/LIBPATH:C:/Program Files/NVIDIA GPU Computing Toolkit/CUDA/v11.0/bin/../lib/x64"]
  considering line: []
  considering line: [F:\project\github\SdustParallelProgramming\teamWork2_RGBToGreyscale\cmake-build-debug\CMakeFiles\3.17.3\CompilerIdCUDA>call "D:/EnglishSoftware/visualStudio2019/VC/Tools/MSVC/14.27.29110/bin/HostX64/x64/../../../../../../../VC/Auxiliary/Build/vcvars64.bat" ]
  considering line: [**********************************************************************]
  considering line: [** Visual Studio 2019 Developer Command Prompt v16.7.3]
  considering line: [** Copyright (c) 2020 Microsoft Corporation]
  considering line: [**********************************************************************]
  considering line: [[vcvarsall.bat] Environment initialized for: 'x64']
  considering line: [D:/EnglishSoftware/visualStudio2019/VC/Tools/MSVC/14.27.29110/bin/HostX64/x64/../../../../../../../VC/Auxiliary/Build/vcvars64.bat]
  considering line: [IntelliJ IDEA=D:\EnglishSoftware\idea\IntelliJ IDEA 2020.2\bin]
  considering line: []
  considering line: [erase tmp/a_dlink.reg.c]
  considering line: [CMakeCUDACompilerId.cu]
  considering line: [cl.exe @"tmp/CMakeCUDACompilerId.cpp1.ii.res" > "tmp/CMakeCUDACompilerId.cpp1.ii" ]
  considering line: [CMakeCUDACompilerId.cu]
  considering line: [cicc --microsoft_version=1927 --msvc_target_version=1927 --compiler_bindir "D:/EnglishSoftware/visualStudio2019/VC/Tools/MSVC/14.27.29110/bin/HostX64/x64/../../../../../../.." --sdk_dir "D:/Windows Kits/10/" --orig_src_file_name "CMakeCUDACompilerId.cu" --allow_managed  -arch compute_52 -m64 -ftz=0 -prec_div=1 -prec_sqrt=1 -fmad=1 --include_file_name "CMakeCUDACompilerId.fatbin.c" -tused -nvvmir-library "C:/Program Files/NVIDIA GPU Computing Toolkit/CUDA/v11.0/bin/../nvvm/libdevice/libdevice.10.bc" --gen_module_id_file --module_id_file_name "tmp/CMakeCUDACompilerId.module_id" --gen_c_file_name "tmp/CMakeCUDACompilerId.cudafe1.c" --stub_file_name "tmp/CMakeCUDACompilerId.cudafe1.stub.c" --gen_device_file_name "tmp/CMakeCUDACompilerId.cudafe1.gpu"  "tmp/CMakeCUDACompilerId.cpp1.ii" -o "tmp/CMakeCUDACompilerId.ptx"]
  considering line: [ptxas -arch=sm_52 -m64 "tmp/CMakeCUDACompilerId.ptx"  -o "tmp/CMakeCUDACompilerId.sm_52.cubin" ]
  considering line: [fatbinary --create="tmp/CMakeCUDACompilerId.fatbin" -64 --cicc-cmdline="-ftz=0 -prec_div=1 -prec_sqrt=1 -fmad=1 " "--image3=kind=elf,sm=52,file=tmp/CMakeCUDACompilerId.sm_52.cubin" "--image3=kind=ptx,sm=52,file=tmp/CMakeCUDACompilerId.ptx" --embedded-fatbin="tmp/CMakeCUDACompilerId.fatbin.c" ]
  considering line: [cl.exe @"tmp/CMakeCUDACompilerId.cpp4.ii.res" > "tmp/CMakeCUDACompilerId.cpp4.ii" ]
  considering line: [CMakeCUDACompilerId.cu]
  considering line: [cudafe++ --microsoft_version=1927 --msvc_target_version=1927 --compiler_bindir "D:/EnglishSoftware/visualStudio2019/VC/Tools/MSVC/14.27.29110/bin/HostX64/x64/../../../../../../.." --sdk_dir "D:/Windows Kits/10/" --orig_src_file_name "CMakeCUDACompilerId.cu" --allow_managed --m64 --parse_templates --gen_c_file_name "tmp/CMakeCUDACompilerId.cudafe1.cpp" --stub_file_name "CMakeCUDACompilerId.cudafe1.stub.c" --module_id_file_name "tmp/CMakeCUDACompilerId.module_id" "tmp/CMakeCUDACompilerId.cpp4.ii" ]
  considering line: [cl.exe @"tmp/CMakeCUDACompilerId.obj.res" -Fo"tmp/CMakeCUDACompilerId.obj" ]
  considering line: [CMakeCUDACompilerId.cudafe1.cpp]
  considering line: [nvlink -optf "tmp/a_dlink.sm_52.cubin.optf"]
    ignoring nvlink line
  considering line: [fatbinary --create="tmp/a_dlink.fatbin" -64 --cicc-cmdline="-ftz=0 -prec_div=1 -prec_sqrt=1 -fmad=1 " -link "--image3=kind=elf,sm=52,file=tmp/a_dlink.sm_52.cubin" --embedded-fatbin="tmp/a_dlink.fatbin.c" ]
  considering line: [cl.exe @"tmp/a_dlink.obj.res" -Fo"tmp/a_dlink.obj" ]
  considering line: [link.stub]
  considering line: [cl.exe @"tmp/a.exe.res" -Fe"a.exe" ]
    extracted link line: [cl.exe -nologo "tmp/a_dlink.obj" "tmp/CMakeCUDACompilerId.obj" -link -INCREMENTAL:NO   "/LIBPATH:C:/Program Files/NVIDIA GPU Computing Toolkit/CUDA/v11.0/bin/../lib/x64"  cudadevrt.lib  cudart_static.lib -Fe"a.exe" ]
  considering line: [  正在创建库 a.lib 和对象 a.exp]
  considering line: []
  found 'INCLUDES=' string: ["-IC:/Program Files/NVIDIA GPU Computing Toolkit/CUDA/v11.0/bin/../include"  ]

  link line regex: [^( *|.*[/\])(link\.exe|CMAKE_LINK_STARTFILE-NOTFOUND|([^/\]+-)?ld|collect2)[^/\]*( |$)]
  link line: [cuda-fake-ld cl.exe -nologo "tmp/a_dlink.obj" "tmp/CMakeCUDACompilerId.obj" -link -INCREMENTAL:NO   "/LIBPATH:C:/Program Files/NVIDIA GPU Computing Toolkit/CUDA/v11.0/bin/../lib/x64"  cudadevrt.lib  cudart_static.lib -Fe"a.exe" ]
    arg [cuda-fake-ld] ==> ignore
    arg [cl.exe] ==> recognize MSVC cl
    arg [-nologo] ==> ignore
    arg [tmp/a_dlink.obj] ==> ignore
    arg [tmp/CMakeCUDACompilerId.obj] ==> ignore
    arg [-link] ==> ignore MSVC cl option
    arg [-INCREMENTAL:NO] ==> ignore
    arg [/LIBPATH:C:/Program Files/NVIDIA GPU Computing Toolkit/CUDA/v11.0/bin/../lib/x64] ==> dir [C:/Program Files/NVIDIA GPU Computing Toolkit/CUDA/v11.0/bin/../lib/x64]
    arg [cudadevrt.lib] ==> lib [cudadevrt.lib]
    arg [cudart_static.lib] ==> lib [cudart_static.lib]
    arg [-Fea.exe] ==> ignore
  collapse library dir [C:/Program Files/NVIDIA GPU Computing Toolkit/CUDA/v11.0/bin/../lib/x64] ==> [C:/Program Files/NVIDIA GPU Computing Toolkit/CUDA/v11.0/lib/x64]
  implicit libs: [cudadevrt.lib;cudart_static.lib]
  implicit dirs: [C:/Program Files/NVIDIA GPU Computing Toolkit/CUDA/v11.0/lib/x64]
  implicit fwks: []


Determining if the CUDA compiler works passed with the following output:
Change Dir: F:/project/github/SdustParallelProgramming/teamWork2_RGBToGreyscale/cmake-build-debug/CMakeFiles/CMakeTmp

Run Build Command(s):nmake /nologo cmTC_823c4\fast && 	D:\EnglishSoftware\visualStudio2019\VC\Tools\MSVC\14.27.29110\bin\HostX64\x64\nmake.exe  -f CMakeFiles\cmTC_823c4.dir\build.make /nologo -L                  CMakeFiles\cmTC_823c4.dir\build
Building CUDA object CMakeFiles/cmTC_823c4.dir/main.cu.obj
	C:\PROGRA~1\NVIDIA~2\CUDA\v11.0\bin\nvcc.exe -forward-unknown-to-host-compiler   -D_WINDOWS -Xcompiler=" /GR /EHsc"  -Xcompiler="-Zi -Ob0 -Od /RTC1" -Xcompiler=-MDd -x cu -c F:\project\github\SdustParallelProgramming\teamWork2_RGBToGreyscale\cmake-build-debug\CMakeFiles\CMakeTmp\main.cu -o CMakeFiles\cmTC_823c4.dir\main.cu.obj -Xcompiler=-FdCMakeFiles\cmTC_823c4.dir\,-FS
main.cu
Linking CUDA executable cmTC_823c4.exe
	"D:\EnglishSoftware\clion\CLion 2020.2\bin\cmake\win\bin\cmake.exe" -E vs_link_exe --intdir=CMakeFiles\cmTC_823c4.dir --rc="D:\Windows Kits\10\bin\10.0.18362.0\x64\rc.exe" --mt="D:\Windows Kits\10\bin\10.0.18362.0\x64\mt.exe" --manifests  -- D:\EnglishSoftware\visualStudio2019\VC\Tools\MSVC\14.27.29110\bin\Hostx64\x64\link.exe /nologo "CMakeFiles\cmTC_823c4.dir\main.cu.obj"  @C:\Users\尹浩男\AppData\Local\Temp\nm2408.tmp
  正在创建库 cmTC_823c4.lib 和对象 cmTC_823c4.exp
  正在创建库 cmTC_823c4.lib 和对象 cmTC_823c4.exp



Detecting CUDA compiler ABI info compiled with the following output:
Change Dir: F:/project/github/SdustParallelProgramming/teamWork2_RGBToGreyscale/cmake-build-debug/CMakeFiles/CMakeTmp

Run Build Command(s):nmake /nologo cmTC_084ea\fast && 	D:\EnglishSoftware\visualStudio2019\VC\Tools\MSVC\14.27.29110\bin\HostX64\x64\nmake.exe  -f CMakeFiles\cmTC_084ea.dir\build.make /nologo -L                  CMakeFiles\cmTC_084ea.dir\build
Building CUDA object CMakeFiles/cmTC_084ea.dir/CMakeCUDACompilerABI.cu.obj
	C:\PROGRA~1\NVIDIA~2\CUDA\v11.0\bin\nvcc.exe -forward-unknown-to-host-compiler   -D_WINDOWS -Xcompiler=" /GR /EHsc"  -Xcompiler="-Zi -Ob0 -Od /RTC1" -Xcompiler=-MDd   -Xcompiler=-v -x cu -c "D:\EnglishSoftware\clion\CLion 2020.2\bin\cmake\win\share\cmake-3.17\Modules\CMakeCUDACompilerABI.cu" -o CMakeFiles\cmTC_084ea.dir\CMakeCUDACompilerABI.cu.obj -Xcompiler=-FdCMakeFiles\cmTC_084ea.dir\,-FS
cl: 命令行 warning D9002 :忽略未知选项“-v”
CMakeCUDACompilerABI.cu
cl: 命令行 warning D9002 :忽略未知选项“-v”
CMakeCUDACompilerABI.cu
CMakeCUDACompilerABI.cu
cl: 命令行 warning D9002 :忽略未知选项“-v”
Linking CUDA executable cmTC_084ea.exe
	"D:\EnglishSoftware\clion\CLion 2020.2\bin\cmake\win\bin\cmake.exe" -E vs_link_exe --intdir=CMakeFiles\cmTC_084ea.dir --rc="D:\Windows Kits\10\bin\10.0.18362.0\x64\rc.exe" --mt="D:\Windows Kits\10\bin\10.0.18362.0\x64\mt.exe" --manifests  -- D:\EnglishSoftware\visualStudio2019\VC\Tools\MSVC\14.27.29110\bin\Hostx64\x64\link.exe /nologo "CMakeFiles\cmTC_084ea.dir\CMakeCUDACompilerABI.cu.obj"  @C:\Users\尹浩男\AppData\Local\Temp\nm2CB3.tmp
LINK : warning LNK4044: 无法识别的选项“/v”；已忽略
  正在创建库 cmTC_084ea.lib 和对象 cmTC_084ea.exp
LINK : warning LNK4044: 无法识别的选项“/v”；已忽略
LINK : warning LNK4044: 无法识别的选项“/v”；已忽略
  正在创建库 cmTC_084ea.lib 和对象 cmTC_084ea.exp



Parsed CUDA implicit include dir info from above output: rv=start
  warn: unable to parse implicit include dirs!


Parsed CUDA implicit link information from above output:
  link line regex: [^( *|.*[/\])(link\.exe|CMAKE_LINK_STARTFILE-NOTFOUND|([^/\]+-)?ld|collect2)[^/\]*( |$)]
  ignore line: [Change Dir: F:/project/github/SdustParallelProgramming/teamWork2_RGBToGreyscale/cmake-build-debug/CMakeFiles/CMakeTmp]
  ignore line: []
  ignore line: [Run Build Command(s):nmake /nologo cmTC_084ea\fast && 	D:\EnglishSoftware\visualStudio2019\VC\Tools\MSVC\14.27.29110\bin\HostX64\x64\nmake.exe  -f CMakeFiles\cmTC_084ea.dir\build.make /nologo -L                  CMakeFiles\cmTC_084ea.dir\build]
  ignore line: [Building CUDA object CMakeFiles/cmTC_084ea.dir/CMakeCUDACompilerABI.cu.obj]
  ignore line: [	C:\PROGRA~1\NVIDIA~2\CUDA\v11.0\bin\nvcc.exe -forward-unknown-to-host-compiler   -D_WINDOWS -Xcompiler=" /GR /EHsc"  -Xcompiler="-Zi -Ob0 -Od /RTC1" -Xcompiler=-MDd   -Xcompiler=-v -x cu -c "D:\EnglishSoftware\clion\CLion 2020.2\bin\cmake\win\share\cmake-3.17\Modules\CMakeCUDACompilerABI.cu" -o CMakeFiles\cmTC_084ea.dir\CMakeCUDACompilerABI.cu.obj -Xcompiler=-FdCMakeFiles\cmTC_084ea.dir\ -FS]
  ignore line: [cl: 命令行 warning D9002 :忽略未知选项“-v”]
  ignore line: [CMakeCUDACompilerABI.cu]
  ignore line: [cl: 命令行 warning D9002 :忽略未知选项“-v”]
  ignore line: [CMakeCUDACompilerABI.cu]
  ignore line: [CMakeCUDACompilerABI.cu]
  ignore line: [cl: 命令行 warning D9002 :忽略未知选项“-v”]
  ignore line: [Linking CUDA executable cmTC_084ea.exe]
  ignore line: [	"D:\EnglishSoftware\clion\CLion 2020.2\bin\cmake\win\bin\cmake.exe" -E vs_link_exe --intdir=CMakeFiles\cmTC_084ea.dir --rc="D:\Windows Kits\10\bin\10.0.18362.0\x64\rc.exe" --mt="D:\Windows Kits\10\bin\10.0.18362.0\x64\mt.exe" --manifests  -- D:\EnglishSoftware\visualStudio2019\VC\Tools\MSVC\14.27.29110\bin\Hostx64\x64\link.exe /nologo "CMakeFiles\cmTC_084ea.dir\CMakeCUDACompilerABI.cu.obj"  @C:\Users\尹浩男\AppData\Local\Temp\nm2CB3.tmp]
  ignore line: [LINK : warning LNK4044: 无法识别的选项“/v”；已忽略]
  ignore line: [  正在创建库 cmTC_084ea.lib 和对象 cmTC_084ea.exp]
  ignore line: [LINK : warning LNK4044: 无法识别的选项“/v”；已忽略]
  ignore line: [LINK : warning LNK4044: 无法识别的选项“/v”；已忽略]
  ignore line: [  正在创建库 cmTC_084ea.lib 和对象 cmTC_084ea.exp]
  ignore line: []
  ignore line: []
  implicit libs: []
  implicit dirs: []
  implicit fwks: []


Compiling the C compiler identification source file "CMakeCCompilerId.c" succeeded.
Compiler: D:/EnglishSoftware/visualStudio2019/VC/Tools/MSVC/14.27.29110/bin/Hostx64/x64/cl.exe 
Build flags: 
Id flags:  

The output was:
0
用于 x64 的 Microsoft (R) C/C++ 优化编译器 19.27.29111 版
版权所有(C) Microsoft Corporation。保留所有权利。

CMakeCCompilerId.c
Microsoft (R) Incremental Linker Version 14.27.29111.0
Copyright (C) Microsoft Corporation.  All rights reserved.

/out:CMakeCCompilerId.exe 
CMakeCCompilerId.obj 


Compilation of the C compiler identification source "CMakeCCompilerId.c" produced "CMakeCCompilerId.exe"

Compilation of the C compiler identification source "CMakeCCompilerId.c" produced "CMakeCCompilerId.obj"

The C compiler identification is MSVC, found in "F:/project/github/SdustParallelProgramming/teamWork2_RGBToGreyscale/cmake-build-debug/CMakeFiles/3.17.3/CompilerIdC/CMakeCCompilerId.exe"

Compiling the CXX compiler identification source file "CMakeCXXCompilerId.cpp" succeeded.
Compiler: D:/EnglishSoftware/visualStudio2019/VC/Tools/MSVC/14.27.29110/bin/Hostx64/x64/cl.exe 
Build flags: 
Id flags:  

The output was:
0
用于 x64 的 Microsoft (R) C/C++ 优化编译器 19.27.29111 版
版权所有(C) Microsoft Corporation。保留所有权利。

CMakeCXXCompilerId.cpp
Microsoft (R) Incremental Linker Version 14.27.29111.0
Copyright (C) Microsoft Corporation.  All rights reserved.

/out:CMakeCXXCompilerId.exe 
CMakeCXXCompilerId.obj 


Compilation of the CXX compiler identification source "CMakeCXXCompilerId.cpp" produced "CMakeCXXCompilerId.exe"

Compilation of the CXX compiler identification source "CMakeCXXCompilerId.cpp" produced "CMakeCXXCompilerId.obj"

The CXX compiler identification is MSVC, found in "F:/project/github/SdustParallelProgramming/teamWork2_RGBToGreyscale/cmake-build-debug/CMakeFiles/3.17.3/CompilerIdCXX/CMakeCXXCompilerId.exe"

Determining if the C compiler works passed with the following output:
Change Dir: F:/project/github/SdustParallelProgramming/teamWork2_RGBToGreyscale/cmake-build-debug/CMakeFiles/CMakeTmp

Run Build Command(s):nmake /nologo cmTC_47d3d\fast && 	D:\EnglishSoftware\visualStudio2019\VC\Tools\MSVC\14.27.29110\bin\HostX64\x64\nmake.exe  -f CMakeFiles\cmTC_47d3d.dir\build.make /nologo -L                  CMakeFiles\cmTC_47d3d.dir\build
Building C object CMakeFiles/cmTC_47d3d.dir/testCCompiler.c.obj
	D:\EnglishSoftware\visualStudio2019\VC\Tools\MSVC\14.27.29110\bin\Hostx64\x64\cl.exe @C:\Users\尹浩男\AppData\Local\Temp\nm5CCC.tmp
testCCompiler.c
Linking C executable cmTC_47d3d.exe
	"D:\EnglishSoftware\clion\CLion 2020.2\bin\cmake\win\bin\cmake.exe" -E vs_link_exe --intdir=CMakeFiles\cmTC_47d3d.dir --rc="D:\Windows Kits\10\bin\10.0.18362.0\x64\rc.exe" --mt="D:\Windows Kits\10\bin\10.0.18362.0\x64\mt.exe" --manifests  -- D:\EnglishSoftware\visualStudio2019\VC\Tools\MSVC\14.27.29110\bin\Hostx64\x64\link.exe /nologo @CMakeFiles\cmTC_47d3d.dir\objects1.rsp @C:\Users\尹浩男\AppData\Local\Temp\nm5D2A.tmp



Detecting C compiler ABI info compiled with the following output:
Change Dir: F:/project/github/SdustParallelProgramming/teamWork2_RGBToGreyscale/cmake-build-debug/CMakeFiles/CMakeTmp

Run Build Command(s):nmake /nologo cmTC_cb082\fast && 	D:\EnglishSoftware\visualStudio2019\VC\Tools\MSVC\14.27.29110\bin\HostX64\x64\nmake.exe  -f CMakeFiles\cmTC_cb082.dir\build.make /nologo -L                  CMakeFiles\cmTC_cb082.dir\build
Building C object CMakeFiles/cmTC_cb082.dir/CMakeCCompilerABI.c.obj
	D:\EnglishSoftware\visualStudio2019\VC\Tools\MSVC\14.27.29110\bin\Hostx64\x64\cl.exe @C:\Users\尹浩男\AppData\Local\Temp\nm5EDF.tmp
CMakeCCompilerABI.c
Linking C executable cmTC_cb082.exe
	"D:\EnglishSoftware\clion\CLion 2020.2\bin\cmake\win\bin\cmake.exe" -E vs_link_exe --intdir=CMakeFiles\cmTC_cb082.dir --rc="D:\Windows Kits\10\bin\10.0.18362.0\x64\rc.exe" --mt="D:\Windows Kits\10\bin\10.0.18362.0\x64\mt.exe" --manifests  -- D:\EnglishSoftware\visualStudio2019\VC\Tools\MSVC\14.27.29110\bin\Hostx64\x64\link.exe /nologo @CMakeFiles\cmTC_cb082.dir\objects1.rsp @C:\Users\尹浩男\AppData\Local\Temp\nm5F3E.tmp



Determining if the CXX compiler works passed with the following output:
Change Dir: F:/project/github/SdustParallelProgramming/teamWork2_RGBToGreyscale/cmake-build-debug/CMakeFiles/CMakeTmp

Run Build Command(s):nmake /nologo cmTC_01608\fast && 	D:\EnglishSoftware\visualStudio2019\VC\Tools\MSVC\14.27.29110\bin\HostX64\x64\nmake.exe  -f CMakeFiles\cmTC_01608.dir\build.make /nologo -L                  CMakeFiles\cmTC_01608.dir\build
Building CXX object CMakeFiles/cmTC_01608.dir/testCXXCompiler.cxx.obj
	D:\EnglishSoftware\visualStudio2019\VC\Tools\MSVC\14.27.29110\bin\Hostx64\x64\cl.exe @C:\Users\尹浩男\AppData\Local\Temp\nm60A4.tmp
testCXXCompiler.cxx
Linking CXX executable cmTC_01608.exe
	"D:\EnglishSoftware\clion\CLion 2020.2\bin\cmake\win\bin\cmake.exe" -E vs_link_exe --intdir=CMakeFiles\cmTC_01608.dir --rc="D:\Windows Kits\10\bin\10.0.18362.0\x64\rc.exe" --mt="D:\Windows Kits\10\bin\10.0.18362.0\x64\mt.exe" --manifests  -- D:\EnglishSoftware\visualStudio2019\VC\Tools\MSVC\14.27.29110\bin\Hostx64\x64\link.exe /nologo @CMakeFiles\cmTC_01608.dir\objects1.rsp @C:\Users\尹浩男\AppData\Local\Temp\nm6103.tmp



Detecting CXX compiler ABI info compiled with the following output:
Change Dir: F:/project/github/SdustParallelProgramming/teamWork2_RGBToGreyscale/cmake-build-debug/CMakeFiles/CMakeTmp

Run Build Command(s):nmake /nologo cmTC_b8e0f\fast && 	D:\EnglishSoftware\visualStudio2019\VC\Tools\MSVC\14.27.29110\bin\HostX64\x64\nmake.exe  -f CMakeFiles\cmTC_b8e0f.dir\build.make /nologo -L                  CMakeFiles\cmTC_b8e0f.dir\build
Building CXX object CMakeFiles/cmTC_b8e0f.dir/CMakeCXXCompilerABI.cpp.obj
	D:\EnglishSoftware\visualStudio2019\VC\Tools\MSVC\14.27.29110\bin\Hostx64\x64\cl.exe @C:\Users\尹浩男\AppData\Local\Temp\nm6259.tmp
CMakeCXXCompilerABI.cpp
Linking CXX executable cmTC_b8e0f.exe
	"D:\EnglishSoftware\clion\CLion 2020.2\bin\cmake\win\bin\cmake.exe" -E vs_link_exe --intdir=CMakeFiles\cmTC_b8e0f.dir --rc="D:\Windows Kits\10\bin\10.0.18362.0\x64\rc.exe" --mt="D:\Windows Kits\10\bin\10.0.18362.0\x64\mt.exe" --manifests  -- D:\EnglishSoftware\visualStudio2019\VC\Tools\MSVC\14.27.29110\bin\Hostx64\x64\link.exe /nologo @CMakeFiles\cmTC_b8e0f.dir\objects1.rsp @C:\Users\尹浩男\AppData\Local\Temp\nm62B8.tmp



