The MPI test test_mpi for C in mode normal failed to compile with the following output:
Change Dir: /home/yhn/Desktop/github /unfinished/SdustParallelProgramminge/openMPAndMPI/knn/cmake-build-debug/CMakeFiles/CMakeTmp

Run Build Command(s):/usr/bin/make cmTC_7b1c6/fast && /usr/bin/make  -f CMakeFiles/cmTC_7b1c6.dir/build.make CMakeFiles/cmTC_7b1c6.dir/build
make[1]: Entering directory '/media/yhn/固态存储盘/project/github/unfinished/SdustParallelProgramminge/openMPAndMPI/knn/cmake-build-debug/CMakeFiles/CMakeTmp'
Building C object CMakeFiles/cmTC_7b1c6.dir/test_mpi.c.o
/usr/bin/cc   -fopenmp    -o CMakeFiles/cmTC_7b1c6.dir/test_mpi.c.o   -c /usr/local/yhnapp/clion-2020.2.4/bin/cmake/linux/share/cmake-3.17/Modules/FindMPI/test_mpi.c
/usr/local/yhnapp/clion-2020.2.4/bin/cmake/linux/share/cmake-3.17/Modules/FindMPI/test_mpi.c:1:10: fatal error: mpi.h: No such file or directory
 #include <mpi.h>
          ^~~~~~~
compilation terminated.
make[1]: *** [CMakeFiles/cmTC_7b1c6.dir/build.make:86: CMakeFiles/cmTC_7b1c6.dir/test_mpi.c.o] Error 1
make[1]: Leaving directory '/media/yhn/固态存储盘/project/github/unfinished/SdustParallelProgramminge/openMPAndMPI/knn/cmake-build-debug/CMakeFiles/CMakeTmp'
make: *** [Makefile:141: cmTC_7b1c6/fast] Error 2



The MPI test test_mpi for CXX in mode normal failed to compile with the following output:
Change Dir: /home/yhn/Desktop/github /unfinished/SdustParallelProgramminge/openMPAndMPI/knn/cmake-build-debug/CMakeFiles/CMakeTmp

Run Build Command(s):/usr/bin/make cmTC_290c1/fast && /usr/bin/make  -f CMakeFiles/cmTC_290c1.dir/build.make CMakeFiles/cmTC_290c1.dir/build
make[1]: Entering directory '/media/yhn/固态存储盘/project/github/unfinished/SdustParallelProgramminge/openMPAndMPI/knn/cmake-build-debug/CMakeFiles/CMakeTmp'
Building CXX object CMakeFiles/cmTC_290c1.dir/test_mpi.cpp.o
/usr/bin/c++    -fopenmp    -std=gnu++11 -o CMakeFiles/cmTC_290c1.dir/test_mpi.cpp.o -c "/home/yhn/Desktop/github /unfinished/SdustParallelProgramminge/openMPAndMPI/knn/cmake-build-debug/CMakeFiles/FindMPI/test_mpi.cpp"
/home/yhn/Desktop/github /unfinished/SdustParallelProgramminge/openMPAndMPI/knn/cmake-build-debug/CMakeFiles/FindMPI/test_mpi.cpp:1:10: fatal error: mpi.h: No such file or directory
 #include <mpi.h>
          ^~~~~~~
compilation terminated.
make[1]: *** [CMakeFiles/cmTC_290c1.dir/build.make:86: CMakeFiles/cmTC_290c1.dir/test_mpi.cpp.o] Error 1
make[1]: Leaving directory '/media/yhn/固态存储盘/project/github/unfinished/SdustParallelProgramminge/openMPAndMPI/knn/cmake-build-debug/CMakeFiles/CMakeTmp'
make: *** [Makefile:141: cmTC_290c1/fast] Error 2



